<?xml version="1.0" encoding="UTF-8"?>
<!-- Generated by org.testng.reporters.JUnitXMLReporter -->
<testsuite hostname="mc-s104436.local" name="KindleFire10" tests="10" failures="1" timestamp="12 Jul 2017 13:16:28 GMT" time="2.925" errors="0">
  <testcase name="@AfterClass teatDown" time="0.0" classname="main.java.test.DRMMainTests.AndroidDRMTest">
    <failure type="java.lang.NullPointerException">
      <![CDATA[java.lang.NullPointerException
	at main.java.test.DRMMainTests.AndroidDRMTest.teatDown(AndroidDRMTest.java:656)
... Removed 24 stack frames]]>
    </failure>
  </testcase> <!-- @AfterClass teatDown -->
  <testcase name="Open_DRMApp" time="0.001" classname="main.java.test.DRMMainTests.AndroidDRMTest">
    <failure type="java.lang.NullPointerException">
      <![CDATA[java.lang.NullPointerException
	at io.appium.java_client.pagefactory.AppiumFieldDecorator.getTypeForProxy(AppiumFieldDecorator.java:233)
	at io.appium.java_client.pagefactory.AppiumFieldDecorator.proxyForAnElement(AppiumFieldDecorator.java:248)
	at io.appium.java_client.pagefactory.AppiumFieldDecorator.access$0(AppiumFieldDecorator.java:246)
	at io.appium.java_client.pagefactory.AppiumFieldDecorator$3.proxyForLocator(AppiumFieldDecorator.java:121)
	at org.openqa.selenium.support.pagefactory.DefaultFieldDecorator.decorate(DefaultFieldDecorator.java:62)
	at io.appium.java_client.pagefactory.AppiumFieldDecorator.decorate(AppiumFieldDecorator.java:172)
	at org.openqa.selenium.support.PageFactory.proxyFields(PageFactory.java:113)
	at org.openqa.selenium.support.PageFactory.initElements(PageFactory.java:105)
	at main.java.test.DRMMainTests.AndroidDRMTest.Open_DRMApp(AndroidDRMTest.java:116)
... Removed 24 stack frames]]>
    </failure>
  </testcase> <!-- Open_DRMApp -->
  <testcase name="deleteQueued" time="0.0" classname="main.java.test.DRMMainTests.AndroidDRMTest">
    <skipped/>
  </testcase> <!-- deleteQueued -->
  <testcase name="Vpid_Download" time="0.0" classname="main.java.test.DRMMainTests.AndroidDRMTest">
    <skipped/>
  </testcase> <!-- Vpid_Download -->
  <testcase name="Addingto_Queue" time="0.0" classname="main.java.test.DRMMainTests.AndroidDRMTest">
    <skipped/>
  </testcase> <!-- Addingto_Queue -->
  <testcase name="Download_Pause" time="0.0" classname="main.java.test.DRMMainTests.AndroidDRMTest">
    <skipped/>
  </testcase> <!-- Download_Pause -->
  <testcase name="Download_Resume" time="0.0" classname="main.java.test.DRMMainTests.AndroidDRMTest">
    <skipped/>
  </testcase> <!-- Download_Resume -->
  <testcase name="Downloads_Complete" time="0.0" classname="main.java.test.DRMMainTests.AndroidDRMTest">
    <skipped/>
  </testcase> <!-- Downloads_Complete -->
  <testcase name="Downloaded_VideoPlayback_Offline" time="0.0" classname="main.java.test.DRMMainTests.AndroidDRMTest">
    <skipped/>
  </testcase> <!-- Downloaded_VideoPlayback_Offline -->
  <testcase name="Downloaded_AudioPlayback_Offline" time="0.0" classname="main.java.test.DRMMainTests.AndroidDRMTest">
    <skipped/>
  </testcase> <!-- Downloaded_AudioPlayback_Offline -->
  <testcase name="delete_Downloaded" time="0.0" classname="main.java.test.DRMMainTests.AndroidDRMTest">
    <skipped/>
  </testcase> <!-- delete_Downloaded -->
</testsuite> <!-- KindleFire10 -->
