<?xml version="1.0" encoding="UTF-8"?>
<!-- Generated by org.testng.reporters.JUnitXMLReporter -->
<testsuite hostname="mc-s104436.local" name="Galaxy-S5" tests="34" failures="0" timestamp="17 May 2017 15:19:13 GMT" time="1602.422" errors="0">
  <testcase name="OpenAvtest" time="10.393" classname="main.java.test.smpMainTest.SMPAndroidLiveSimulcast"/>
  <testcase name="PlaybackStart" time="8.407" classname="main.java.test.smpMainTest.SMPAndroidLiveSimulcast"/>
  <testcase name="PlaybackContinues" time="91.648" classname="main.java.test.smpMainTest.SMPAndroidLiveSimulcast"/>
  <testcase name="liveSimulcast_Assertions_Present" time="12.894" classname="main.java.test.smpMainTest.SMPAndroidLiveSimulcast"/>
  <testcase name="liveSimulcast_Assertions_NotPresent" time="9.154" classname="main.java.test.smpMainTest.SMPAndroidLiveSimulcast"/>
  <testcase name="LiveplaybackStop" time="11.318" classname="main.java.test.smpMainTest.SMPAndroidLiveSimulcast"/>
  <testcase name="OpenAvtest" time="0.97" classname="main.java.test.smpMainTest.SMPAndroidOnDemandVideoPlayback"/>
  <testcase name="videoSelector" time="155.499" classname="main.java.test.smpMainTest.SMPAndroidOnDemandVideoPlayback"/>
  <testcase name="vpideoPlayback" time="18.528" classname="main.java.test.smpMainTest.SMPAndroidOnDemandVideoPlayback"/>
  <testcase name="videoPlaying" time="80.809" classname="main.java.test.smpMainTest.SMPAndroidOnDemandVideoPlayback"/>
  <testcase name="PlaybackRotation" time="18.141" classname="main.java.test.smpMainTest.SMPAndroidOnDemandVideoPlayback"/>
  <testcase name="Playback_retry" time="110.834" classname="main.java.test.smpMainTest.SMPAndroidOnDemandVideoPlayback"/>
  <testcase name="playbackseeking" time="56.171" classname="main.java.test.smpMainTest.SMPAndroidOnDemandVideoPlayback"/>
  <testcase name="playback_pause" time="10.556" classname="main.java.test.smpMainTest.SMPAndroidOnDemandVideoPlayback"/>
  <testcase name="Playback_SeektoEnd" time="14.622" classname="main.java.test.smpMainTest.SMPAndroidOnDemandVideoPlayback"/>
  <testcase name="playback_resume" time="31.52" classname="main.java.test.smpMainTest.SMPAndroidOnDemandVideoPlayback"/>
  <testcase name="OpenAvtest" time="8.523" classname="main.java.test.smpMainTest.SMPAndroidLiveRewindPlayback"/>
  <testcase name="PlaybackStart" time="8.216" classname="main.java.test.smpMainTest.SMPAndroidLiveRewindPlayback"/>
  <testcase name="PlaybackContinues" time="122.411" classname="main.java.test.smpMainTest.SMPAndroidLiveRewindPlayback"/>
  <testcase name="liveRewind_Assertions" time="7.009" classname="main.java.test.smpMainTest.SMPAndroidLiveRewindPlayback"/>
  <testcase name="seeking_randomly" time="51.616" classname="main.java.test.smpMainTest.SMPAndroidLiveRewindPlayback"/>
  <testcase name="playbackseeking_backard_forward" time="26.136" classname="main.java.test.smpMainTest.SMPAndroidLiveRewindPlayback"/>
  <testcase name="LiveRewindplaybackpause" time="7.046" classname="main.java.test.smpMainTest.SMPAndroidLiveRewindPlayback"/>
  <testcase name="LiveRewindplaybackresume" time="37.81" classname="main.java.test.smpMainTest.SMPAndroidLiveRewindPlayback"/>
  <testcase name="OpenAvtest" time="0.68" classname="main.java.test.smpMainTest.SMPAndroidOnDemandAudioPlayback"/>
  <testcase name="audioSelector" time="206.12" classname="main.java.test.smpMainTest.SMPAndroidOnDemandAudioPlayback"/>
  <testcase name="audioPlayback" time="14.563" classname="main.java.test.smpMainTest.SMPAndroidOnDemandAudioPlayback"/>
  <testcase name="audioPlaying" time="55.847" classname="main.java.test.smpMainTest.SMPAndroidOnDemandAudioPlayback"/>
  <testcase name="PlaybackRotation" time="18.632" classname="main.java.test.smpMainTest.SMPAndroidOnDemandAudioPlayback"/>
  <testcase name="CheckPlayback_retry" time="181.519" classname="main.java.test.smpMainTest.SMPAndroidOnDemandAudioPlayback"/>
  <testcase name="playbackseeking" time="54.547" classname="main.java.test.smpMainTest.SMPAndroidOnDemandAudioPlayback"/>
  <testcase name="playback_pause" time="10.6" classname="main.java.test.smpMainTest.SMPAndroidOnDemandAudioPlayback"/>
  <testcase name="Playback_SeektoEnd" time="14.352" classname="main.java.test.smpMainTest.SMPAndroidOnDemandAudioPlayback"/>
  <testcase name="playback_resume" time="21.515" classname="main.java.test.smpMainTest.SMPAndroidOnDemandAudioPlayback"/>
</testsuite> <!-- Galaxy-S5 -->
