<?xml version="1.0" encoding="UTF-8"?>
<!-- Generated by org.testng.reporters.JUnitXMLReporter -->
<testsuite hostname="mc-s104436.local" name="GalaxyS5" tests="34" failures="0" timestamp="17 May 2017 13:36:43 GMT" time="174.809" errors="0">
  <testcase name="@BeforeClass setUp" time="0.0" classname="main.java.test.smpMainTest.SMPAndroidOnDemandVideoPlayback">
    <failure type="org.testng.TestNGException" message="
Parameter &amp;apos;appiumPort&amp;apos; is required by @Configuration on method setUp but has not been marked @Optional or defined
in /Users/ramakh01/Desktop/MAP_Automation/MAPAutomation/Automation/Android_AVTestHarness.xml">
      <![CDATA[org.testng.TestNGException: 
Parameter 'appiumPort' is required by @Configuration on method setUp but has not been marked @Optional or defined
in /Users/ramakh01/Desktop/MAP_Automation/MAPAutomation/Automation/Android_AVTestHarness.xml
... Removed 21 stack frames]]>
    </failure>
  </testcase> <!-- @BeforeClass setUp -->
  <testcase name="@AfterClass End" time="0.0" classname="main.java.test.smpMainTest.SMPAndroidOnDemandVideoPlayback">
    <skipped/>
  </testcase> <!-- @AfterClass End -->
  <testcase name="@BeforeClass setUp" time="0.0" classname="main.java.test.smpMainTest.SMPAndroidLiveRewindPlayback">
    <failure type="org.testng.TestNGException" message="
Parameter &amp;apos;appiumPort&amp;apos; is required by @Configuration on method setUp but has not been marked @Optional or defined
in /Users/ramakh01/Desktop/MAP_Automation/MAPAutomation/Automation/Android_AVTestHarness.xml">
      <![CDATA[org.testng.TestNGException: 
Parameter 'appiumPort' is required by @Configuration on method setUp but has not been marked @Optional or defined
in /Users/ramakh01/Desktop/MAP_Automation/MAPAutomation/Automation/Android_AVTestHarness.xml
... Removed 21 stack frames]]>
    </failure>
  </testcase> <!-- @BeforeClass setUp -->
  <testcase name="@AfterClass End" time="0.0" classname="main.java.test.smpMainTest.SMPAndroidLiveRewindPlayback">
    <skipped/>
  </testcase> <!-- @AfterClass End -->
  <testcase name="@BeforeClass setUp" time="0.0" classname="main.java.test.smpMainTest.SMPAndroidOnDemandAudioPlayback">
    <failure type="org.testng.TestNGException" message="
Parameter &amp;apos;appiumPort&amp;apos; is required by @Configuration on method setUp but has not been marked @Optional or defined
in /Users/ramakh01/Desktop/MAP_Automation/MAPAutomation/Automation/Android_AVTestHarness.xml">
      <![CDATA[org.testng.TestNGException: 
Parameter 'appiumPort' is required by @Configuration on method setUp but has not been marked @Optional or defined
in /Users/ramakh01/Desktop/MAP_Automation/MAPAutomation/Automation/Android_AVTestHarness.xml
... Removed 21 stack frames]]>
    </failure>
  </testcase> <!-- @BeforeClass setUp -->
  <testcase name="@AfterClass End" time="0.0" classname="main.java.test.smpMainTest.SMPAndroidOnDemandAudioPlayback">
    <skipped/>
  </testcase> <!-- @AfterClass End -->
  <testcase name="OpenAvtest" time="9.817" classname="main.java.test.smpMainTest.SMPAndroidLiveSimulcast"/>
  <testcase name="PlaybackStart" time="8.519" classname="main.java.test.smpMainTest.SMPAndroidLiveSimulcast"/>
  <testcase name="PlaybackContinues" time="95.988" classname="main.java.test.smpMainTest.SMPAndroidLiveSimulcast"/>
  <testcase name="liveSimulcast_Assertions_Present" time="14.128" classname="main.java.test.smpMainTest.SMPAndroidLiveSimulcast"/>
  <testcase name="liveSimulcast_Assertions_NotPresent" time="8.925" classname="main.java.test.smpMainTest.SMPAndroidLiveSimulcast"/>
  <testcase name="LiveplaybackStop" time="11.257" classname="main.java.test.smpMainTest.SMPAndroidLiveSimulcast"/>
  <testcase name="OpenAvtest" time="0.0" classname="main.java.test.smpMainTest.SMPAndroidOnDemandVideoPlayback">
    <skipped/>
  </testcase> <!-- OpenAvtest -->
  <testcase name="openVpidBrowser" time="0.0" classname="main.java.test.smpMainTest.SMPAndroidOnDemandVideoPlayback">
    <skipped/>
  </testcase> <!-- openVpidBrowser -->
  <testcase name="vpideoPlayback" time="0.0" classname="main.java.test.smpMainTest.SMPAndroidOnDemandVideoPlayback">
    <skipped/>
  </testcase> <!-- vpideoPlayback -->
  <testcase name="videoPlaying" time="0.0" classname="main.java.test.smpMainTest.SMPAndroidOnDemandVideoPlayback">
    <skipped/>
  </testcase> <!-- videoPlaying -->
  <testcase name="PlaybackRotation" time="0.0" classname="main.java.test.smpMainTest.SMPAndroidOnDemandVideoPlayback">
    <skipped/>
  </testcase> <!-- PlaybackRotation -->
  <testcase name="Playback_retry" time="0.0" classname="main.java.test.smpMainTest.SMPAndroidOnDemandVideoPlayback">
    <skipped/>
  </testcase> <!-- Playback_retry -->
  <testcase name="playbackseeking" time="0.0" classname="main.java.test.smpMainTest.SMPAndroidOnDemandVideoPlayback">
    <skipped/>
  </testcase> <!-- playbackseeking -->
  <testcase name="playback_pause" time="0.0" classname="main.java.test.smpMainTest.SMPAndroidOnDemandVideoPlayback">
    <skipped/>
  </testcase> <!-- playback_pause -->
  <testcase name="Playback_SeektoEnd" time="0.0" classname="main.java.test.smpMainTest.SMPAndroidOnDemandVideoPlayback">
    <skipped/>
  </testcase> <!-- Playback_SeektoEnd -->
  <testcase name="playback_resume" time="0.0" classname="main.java.test.smpMainTest.SMPAndroidOnDemandVideoPlayback">
    <skipped/>
  </testcase> <!-- playback_resume -->
  <testcase name="OpenAvtest" time="0.0" classname="main.java.test.smpMainTest.SMPAndroidLiveRewindPlayback">
    <skipped/>
  </testcase> <!-- OpenAvtest -->
  <testcase name="PlaybackStart" time="0.0" classname="main.java.test.smpMainTest.SMPAndroidLiveRewindPlayback">
    <skipped/>
  </testcase> <!-- PlaybackStart -->
  <testcase name="PlaybackContinues" time="0.0" classname="main.java.test.smpMainTest.SMPAndroidLiveRewindPlayback">
    <skipped/>
  </testcase> <!-- PlaybackContinues -->
  <testcase name="liveRewind_Assertions" time="0.0" classname="main.java.test.smpMainTest.SMPAndroidLiveRewindPlayback">
    <skipped/>
  </testcase> <!-- liveRewind_Assertions -->
  <testcase name="seeking_randomly" time="0.0" classname="main.java.test.smpMainTest.SMPAndroidLiveRewindPlayback">
    <skipped/>
  </testcase> <!-- seeking_randomly -->
  <testcase name="playbackseeking_backard_forward" time="0.0" classname="main.java.test.smpMainTest.SMPAndroidLiveRewindPlayback">
    <skipped/>
  </testcase> <!-- playbackseeking_backard_forward -->
  <testcase name="LiveRewindplaybackpause" time="0.0" classname="main.java.test.smpMainTest.SMPAndroidLiveRewindPlayback">
    <skipped/>
  </testcase> <!-- LiveRewindplaybackpause -->
  <testcase name="LiveRewindplaybackresume" time="0.0" classname="main.java.test.smpMainTest.SMPAndroidLiveRewindPlayback">
    <skipped/>
  </testcase> <!-- LiveRewindplaybackresume -->
  <testcase name="OpenAvtest" time="0.0" classname="main.java.test.smpMainTest.SMPAndroidOnDemandAudioPlayback">
    <skipped/>
  </testcase> <!-- OpenAvtest -->
  <testcase name="openVpidBrowser" time="0.0" classname="main.java.test.smpMainTest.SMPAndroidOnDemandAudioPlayback">
    <skipped/>
  </testcase> <!-- openVpidBrowser -->
  <testcase name="audioPlayback" time="0.0" classname="main.java.test.smpMainTest.SMPAndroidOnDemandAudioPlayback">
    <skipped/>
  </testcase> <!-- audioPlayback -->
  <testcase name="audioPlaying" time="0.0" classname="main.java.test.smpMainTest.SMPAndroidOnDemandAudioPlayback">
    <skipped/>
  </testcase> <!-- audioPlaying -->
  <testcase name="PlaybackRotation" time="0.0" classname="main.java.test.smpMainTest.SMPAndroidOnDemandAudioPlayback">
    <skipped/>
  </testcase> <!-- PlaybackRotation -->
  <testcase name="CheckPlayback_retry" time="0.0" classname="main.java.test.smpMainTest.SMPAndroidOnDemandAudioPlayback">
    <skipped/>
  </testcase> <!-- CheckPlayback_retry -->
  <testcase name="playbackseeking" time="0.0" classname="main.java.test.smpMainTest.SMPAndroidOnDemandAudioPlayback">
    <skipped/>
  </testcase> <!-- playbackseeking -->
  <testcase name="playback_pause" time="0.0" classname="main.java.test.smpMainTest.SMPAndroidOnDemandAudioPlayback">
    <skipped/>
  </testcase> <!-- playback_pause -->
  <testcase name="Playback_SeektoEnd" time="0.0" classname="main.java.test.smpMainTest.SMPAndroidOnDemandAudioPlayback">
    <skipped/>
  </testcase> <!-- Playback_SeektoEnd -->
  <testcase name="playback_resume" time="0.0" classname="main.java.test.smpMainTest.SMPAndroidOnDemandAudioPlayback">
    <skipped/>
  </testcase> <!-- playback_resume -->
</testsuite> <!-- GalaxyS5 -->
