<?xml version="1.0" encoding="UTF-8"?>
<!-- Generated by org.testng.reporters.JUnitXMLReporter -->
<testsuite hostname="mc-s104436.local" name="Galaxy-S5" tests="10" failures="0" timestamp="17 May 2017 14:29:57 GMT" time="1308.912" errors="0">
  <testcase name="OpenAvtest" time="0.682" classname="main.java.test.smpMainTest.SMPAndroidOnDemandVideoPlayback"/>
  <testcase name="videoSelector" time="175.227" classname="main.java.test.smpMainTest.SMPAndroidOnDemandVideoPlayback"/>
  <testcase name="vpideoPlayback" time="18.394" classname="main.java.test.smpMainTest.SMPAndroidOnDemandVideoPlayback"/>
  <testcase name="videoPlaying" time="79.217" classname="main.java.test.smpMainTest.SMPAndroidOnDemandVideoPlayback"/>
  <testcase name="PlaybackRotation" time="18.499" classname="main.java.test.smpMainTest.SMPAndroidOnDemandVideoPlayback"/>
  <testcase name="Playback_retry" time="783.888" classname="main.java.test.smpMainTest.SMPAndroidOnDemandVideoPlayback"/>
  <testcase name="playbackseeking" time="55.2" classname="main.java.test.smpMainTest.SMPAndroidOnDemandVideoPlayback"/>
  <testcase name="playback_pause" time="9.731" classname="main.java.test.smpMainTest.SMPAndroidOnDemandVideoPlayback"/>
  <testcase name="Playback_SeektoEnd" time="14.58" classname="main.java.test.smpMainTest.SMPAndroidOnDemandVideoPlayback"/>
  <testcase name="playback_resume" time="31.837" classname="main.java.test.smpMainTest.SMPAndroidOnDemandVideoPlayback"/>
</testsuite> <!-- Galaxy-S5 -->
