<?xml version="1.0" encoding="UTF-8"?>
<!-- Generated by org.testng.reporters.JUnitXMLReporter -->
<testsuite hostname="mc-s104436.local" name="KindleFire10"
	tests="28" failures="1" timestamp="7 Apr 2017 10:54:23 GMT" time="641.404"
	errors="0">
	<testcase name="@AfterClass End" time="0.0"
		classname="main.java.test.smpMainTest.OnDemandAudioPlayback">
		<failure type="java.lang.NullPointerException">
      <![CDATA[java.lang.NullPointerException
	at main.java.test.smpFunctions.CommonFunction.GenerateReport(CommonFunction.java:406)
	at main.java.test.smpMainTest.OnDemandAudioPlayback.End(OnDemandAudioPlayback.java:301)
... Removed 24 stack frames]]>
		</failure>
	</testcase> <!-- @AfterClass End -->
	<testcase name="OpenAvtest" time="0.018"
		classname="main.java.test.smpMainTest.OnDemandAudioPlayback" />
	<testcase name="openVpidBrowser" time="0.002"
		classname="main.java.test.smpMainTest.OnDemandAudioPlayback" />
	<testcase name="audioPlayback" time="1.001"
		classname="main.java.test.smpMainTest.OnDemandAudioPlayback">
		<failure type="java.lang.NullPointerException">
      <![CDATA[java.lang.NullPointerException
	at main.java.test.smpFunctions.CommonFunction.playback_enter_exitFullScreen(CommonFunction.java:91)
	at main.java.test.smpMainTest.OnDemandAudioPlayback.audioPlayback(OnDemandAudioPlayback.java:145)
... Removed 24 stack frames]]>
		</failure>
	</testcase> <!-- audioPlayback -->
	<testcase name="audioPlaying" time="0.0"
		classname="main.java.test.smpMainTest.OnDemandAudioPlayback">
		<skipped />
	</testcase> <!-- audioPlaying -->
	<testcase name="PlaybackRotation" time="0.0"
		classname="main.java.test.smpMainTest.OnDemandAudioPlayback">
		<skipped />
	</testcase> <!-- PlaybackRotation -->
	<testcase name="CheckPlayback_retry" time="0.0"
		classname="main.java.test.smpMainTest.OnDemandAudioPlayback">
		<skipped />
	</testcase> <!-- CheckPlayback_retry -->
	<testcase name="playbackseeking" time="0.0"
		classname="main.java.test.smpMainTest.OnDemandAudioPlayback">
		<skipped />
	</testcase> <!-- playbackseeking -->
	<testcase name="playback_pause" time="0.0"
		classname="main.java.test.smpMainTest.OnDemandAudioPlayback">
		<skipped />
	</testcase> <!-- playback_pause -->
	<testcase name="Playback_SeektoEnd" time="0.0"
		classname="main.java.test.smpMainTest.OnDemandAudioPlayback">
		<skipped />
	</testcase> <!-- Playback_SeektoEnd -->
	<testcase name="playback_resume" time="0.0"
		classname="main.java.test.smpMainTest.OnDemandAudioPlayback">
		<skipped />
	</testcase> <!-- playback_resume -->
	<testcase name="OpenAvtest" time="8.457"
		classname="main.java.test.smpMainTest.LiveRewindPlayback" />
	<testcase name="PlaybackStart" time="8.855"
		classname="main.java.test.smpMainTest.LiveRewindPlayback" />
	<testcase name="PlaybackContinues" time="151.794"
		classname="main.java.test.smpMainTest.LiveRewindPlayback" />
	<testcase name="liveRewind_Assertions" time="5.393"
		classname="main.java.test.smpMainTest.LiveRewindPlayback" />
	<testcase name="seeking_randomly" time="52.04"
		classname="main.java.test.smpMainTest.LiveRewindPlayback" />
	<testcase name="playbackseeking_backard_forward" time="25.832"
		classname="main.java.test.smpMainTest.LiveRewindPlayback" />
	<testcase name="LiveRewindplaybackpause" time="5.65"
		classname="main.java.test.smpMainTest.LiveRewindPlayback" />
	<testcase name="LiveRewindplaybackresume" time="31.388"
		classname="main.java.test.smpMainTest.LiveRewindPlayback" />
	<testcase name="OpenAvtest" time="0.348"
		classname="main.java.test.smpMainTest.OnDemandVideoPlayback" />
	<testcase name="openVpidBrowser" time="7.347"
		classname="main.java.test.smpMainTest.OnDemandVideoPlayback" />
	<testcase name="vpideoPlayback" time="11.646"
		classname="main.java.test.smpMainTest.OnDemandVideoPlayback" />
	<testcase name="videoPlaying" time="51.722"
		classname="main.java.test.smpMainTest.OnDemandVideoPlayback" />
	<testcase name="PlaybackRotation" time="14.152"
		classname="main.java.test.smpMainTest.OnDemandVideoPlayback" />
	<testcase name="Playback_retry" time="81.509"
		classname="main.java.test.smpMainTest.OnDemandVideoPlayback" />
	<testcase name="playbackseeking" time="46.386"
		classname="main.java.test.smpMainTest.OnDemandVideoPlayback" />
	<testcase name="playback_pause" time="7.616"
		classname="main.java.test.smpMainTest.OnDemandVideoPlayback" />
	<testcase name="Playback_SeektoEnd" time="12.283"
		classname="main.java.test.smpMainTest.OnDemandVideoPlayback" />
	<testcase name="playback_resume" time="25.554"
		classname="main.java.test.smpMainTest.OnDemandVideoPlayback" />
</testsuite> <!-- KindleFire10 -->
