<?xml version="1.0" encoding="UTF-8"?>
<!-- Generated by org.testng.reporters.JUnitXMLReporter -->
<testsuite hostname="mc-s104436.local" name="Pixcel" tests="34" failures="3" timestamp="17 May 2017 13:36:51 GMT" time="7.801" errors="0">
  <testcase name="@BeforeClass setUp" time="0.0" classname="main.java.test.smpMainTest.SMPAndroidLiveSimulcast">
    <failure type="org.testng.TestNGException" message="
Parameter &amp;apos;AppiumPort&amp;apos; is required by @Configuration on method setUp but has not been marked @Optional or defined
in /Users/ramakh01/Desktop/MAP_Automation/MAPAutomation/Automation/Android_AVTestHarness.xml">
      <![CDATA[org.testng.TestNGException: 
Parameter 'AppiumPort' is required by @Configuration on method setUp but has not been marked @Optional or defined
in /Users/ramakh01/Desktop/MAP_Automation/MAPAutomation/Automation/Android_AVTestHarness.xml
... Removed 21 stack frames]]>
    </failure>
  </testcase> <!-- @BeforeClass setUp -->
  <testcase name="@AfterClass End" time="0.0" classname="main.java.test.smpMainTest.SMPAndroidLiveSimulcast">
    <skipped/>
  </testcase> <!-- @AfterClass End -->
  <testcase name="@AfterClass End" time="0.0" classname="main.java.test.smpMainTest.SMPAndroidOnDemandVideoPlayback">
    <failure type="java.lang.NullPointerException">
      <![CDATA[java.lang.NullPointerException
	at main.java.test.smpFunctions.CommonFunction.GenerateReport(CommonFunction.java:406)
	at main.java.test.smpMainTest.SMPAndroidOnDemandVideoPlayback.End(SMPAndroidOnDemandVideoPlayback.java:286)
... Removed 24 stack frames]]>
    </failure>
  </testcase> <!-- @AfterClass End -->
  <testcase name="@AfterClass End" time="0.0" classname="main.java.test.smpMainTest.SMPAndroidLiveRewindPlayback">
    <failure type="java.lang.NullPointerException">
      <![CDATA[java.lang.NullPointerException
	at main.java.test.smpFunctions.CommonFunction.GenerateReport(CommonFunction.java:406)
	at main.java.test.smpMainTest.SMPAndroidLiveRewindPlayback.End(SMPAndroidLiveRewindPlayback.java:252)
... Removed 24 stack frames]]>
    </failure>
  </testcase> <!-- @AfterClass End -->
  <testcase name="@AfterClass End" time="0.0" classname="main.java.test.smpMainTest.SMPAndroidOnDemandAudioPlayback">
    <failure type="java.lang.NullPointerException">
      <![CDATA[java.lang.NullPointerException
	at main.java.test.smpFunctions.CommonFunction.GenerateReport(CommonFunction.java:406)
	at main.java.test.smpMainTest.SMPAndroidOnDemandAudioPlayback.End(SMPAndroidOnDemandAudioPlayback.java:301)
... Removed 24 stack frames]]>
    </failure>
  </testcase> <!-- @AfterClass End -->
  <testcase name="OpenAvtest" time="0.0" classname="main.java.test.smpMainTest.SMPAndroidLiveSimulcast">
    <skipped/>
  </testcase> <!-- OpenAvtest -->
  <testcase name="PlaybackStart" time="0.0" classname="main.java.test.smpMainTest.SMPAndroidLiveSimulcast">
    <skipped/>
  </testcase> <!-- PlaybackStart -->
  <testcase name="PlaybackContinues" time="0.0" classname="main.java.test.smpMainTest.SMPAndroidLiveSimulcast">
    <skipped/>
  </testcase> <!-- PlaybackContinues -->
  <testcase name="liveSimulcast_Assertions_Present" time="0.0" classname="main.java.test.smpMainTest.SMPAndroidLiveSimulcast">
    <skipped/>
  </testcase> <!-- liveSimulcast_Assertions_Present -->
  <testcase name="liveSimulcast_Assertions_NotPresent" time="0.0" classname="main.java.test.smpMainTest.SMPAndroidLiveSimulcast">
    <skipped/>
  </testcase> <!-- liveSimulcast_Assertions_NotPresent -->
  <testcase name="LiveplaybackStop" time="0.0" classname="main.java.test.smpMainTest.SMPAndroidLiveSimulcast">
    <skipped/>
  </testcase> <!-- LiveplaybackStop -->
  <testcase name="OpenAvtest" time="0.0" classname="main.java.test.smpMainTest.SMPAndroidOnDemandVideoPlayback"/>
  <testcase name="openVpidBrowser" time="0.0" classname="main.java.test.smpMainTest.SMPAndroidOnDemandVideoPlayback"/>
  <testcase name="vpideoPlayback" time="1.005" classname="main.java.test.smpMainTest.SMPAndroidOnDemandVideoPlayback">
    <failure type="java.lang.NullPointerException">
      <![CDATA[java.lang.NullPointerException
	at main.java.test.smpFunctions.CommonFunction.playback_enter_exitFullScreen(CommonFunction.java:91)
	at main.java.test.smpMainTest.SMPAndroidOnDemandVideoPlayback.vpideoPlayback(SMPAndroidOnDemandVideoPlayback.java:152)
... Removed 24 stack frames]]>
    </failure>
  </testcase> <!-- vpideoPlayback -->
  <testcase name="videoPlaying" time="0.0" classname="main.java.test.smpMainTest.SMPAndroidOnDemandVideoPlayback">
    <skipped/>
  </testcase> <!-- videoPlaying -->
  <testcase name="PlaybackRotation" time="0.0" classname="main.java.test.smpMainTest.SMPAndroidOnDemandVideoPlayback">
    <skipped/>
  </testcase> <!-- PlaybackRotation -->
  <testcase name="Playback_retry" time="0.0" classname="main.java.test.smpMainTest.SMPAndroidOnDemandVideoPlayback">
    <skipped/>
  </testcase> <!-- Playback_retry -->
  <testcase name="playbackseeking" time="0.0" classname="main.java.test.smpMainTest.SMPAndroidOnDemandVideoPlayback">
    <skipped/>
  </testcase> <!-- playbackseeking -->
  <testcase name="playback_pause" time="0.0" classname="main.java.test.smpMainTest.SMPAndroidOnDemandVideoPlayback">
    <skipped/>
  </testcase> <!-- playback_pause -->
  <testcase name="Playback_SeektoEnd" time="0.0" classname="main.java.test.smpMainTest.SMPAndroidOnDemandVideoPlayback">
    <skipped/>
  </testcase> <!-- Playback_SeektoEnd -->
  <testcase name="playback_resume" time="0.0" classname="main.java.test.smpMainTest.SMPAndroidOnDemandVideoPlayback">
    <skipped/>
  </testcase> <!-- playback_resume -->
  <testcase name="OpenAvtest" time="0.0" classname="main.java.test.smpMainTest.SMPAndroidLiveRewindPlayback">
    <failure type="java.lang.NullPointerException">
      <![CDATA[java.lang.NullPointerException
	at io.appium.java_client.pagefactory.AppiumFieldDecorator.getTypeForProxy(AppiumFieldDecorator.java:233)
	at io.appium.java_client.pagefactory.AppiumFieldDecorator.proxyForAnElement(AppiumFieldDecorator.java:248)
	at io.appium.java_client.pagefactory.AppiumFieldDecorator.access$0(AppiumFieldDecorator.java:246)
	at io.appium.java_client.pagefactory.AppiumFieldDecorator$3.proxyForLocator(AppiumFieldDecorator.java:121)
	at org.openqa.selenium.support.pagefactory.DefaultFieldDecorator.decorate(DefaultFieldDecorator.java:62)
	at io.appium.java_client.pagefactory.AppiumFieldDecorator.decorate(AppiumFieldDecorator.java:172)
	at org.openqa.selenium.support.PageFactory.proxyFields(PageFactory.java:113)
	at org.openqa.selenium.support.PageFactory.initElements(PageFactory.java:105)
	at main.java.test.smpMainTest.SMPAndroidLiveRewindPlayback.OpenAvtest(SMPAndroidLiveRewindPlayback.java:101)
... Removed 24 stack frames]]>
    </failure>
  </testcase> <!-- OpenAvtest -->
  <testcase name="PlaybackStart" time="0.0" classname="main.java.test.smpMainTest.SMPAndroidLiveRewindPlayback">
    <skipped/>
  </testcase> <!-- PlaybackStart -->
  <testcase name="PlaybackContinues" time="0.0" classname="main.java.test.smpMainTest.SMPAndroidLiveRewindPlayback">
    <skipped/>
  </testcase> <!-- PlaybackContinues -->
  <testcase name="liveRewind_Assertions" time="0.0" classname="main.java.test.smpMainTest.SMPAndroidLiveRewindPlayback">
    <skipped/>
  </testcase> <!-- liveRewind_Assertions -->
  <testcase name="seeking_randomly" time="0.0" classname="main.java.test.smpMainTest.SMPAndroidLiveRewindPlayback">
    <skipped/>
  </testcase> <!-- seeking_randomly -->
  <testcase name="playbackseeking_backard_forward" time="0.0" classname="main.java.test.smpMainTest.SMPAndroidLiveRewindPlayback">
    <skipped/>
  </testcase> <!-- playbackseeking_backard_forward -->
  <testcase name="LiveRewindplaybackpause" time="0.0" classname="main.java.test.smpMainTest.SMPAndroidLiveRewindPlayback">
    <skipped/>
  </testcase> <!-- LiveRewindplaybackpause -->
  <testcase name="LiveRewindplaybackresume" time="0.0" classname="main.java.test.smpMainTest.SMPAndroidLiveRewindPlayback">
    <skipped/>
  </testcase> <!-- LiveRewindplaybackresume -->
  <testcase name="OpenAvtest" time="0.001" classname="main.java.test.smpMainTest.SMPAndroidOnDemandAudioPlayback"/>
  <testcase name="openVpidBrowser" time="0.001" classname="main.java.test.smpMainTest.SMPAndroidOnDemandAudioPlayback"/>
  <testcase name="audioPlayback" time="1.004" classname="main.java.test.smpMainTest.SMPAndroidOnDemandAudioPlayback">
    <failure type="java.lang.NullPointerException">
      <![CDATA[java.lang.NullPointerException
	at main.java.test.smpFunctions.CommonFunction.playback_enter_exitFullScreen(CommonFunction.java:91)
	at main.java.test.smpMainTest.SMPAndroidOnDemandAudioPlayback.audioPlayback(SMPAndroidOnDemandAudioPlayback.java:145)
... Removed 24 stack frames]]>
    </failure>
  </testcase> <!-- audioPlayback -->
  <testcase name="audioPlaying" time="0.0" classname="main.java.test.smpMainTest.SMPAndroidOnDemandAudioPlayback">
    <skipped/>
  </testcase> <!-- audioPlaying -->
  <testcase name="PlaybackRotation" time="0.0" classname="main.java.test.smpMainTest.SMPAndroidOnDemandAudioPlayback">
    <skipped/>
  </testcase> <!-- PlaybackRotation -->
  <testcase name="CheckPlayback_retry" time="0.0" classname="main.java.test.smpMainTest.SMPAndroidOnDemandAudioPlayback">
    <skipped/>
  </testcase> <!-- CheckPlayback_retry -->
  <testcase name="playbackseeking" time="0.0" classname="main.java.test.smpMainTest.SMPAndroidOnDemandAudioPlayback">
    <skipped/>
  </testcase> <!-- playbackseeking -->
  <testcase name="playback_pause" time="0.0" classname="main.java.test.smpMainTest.SMPAndroidOnDemandAudioPlayback">
    <skipped/>
  </testcase> <!-- playback_pause -->
  <testcase name="Playback_SeektoEnd" time="0.0" classname="main.java.test.smpMainTest.SMPAndroidOnDemandAudioPlayback">
    <skipped/>
  </testcase> <!-- Playback_SeektoEnd -->
  <testcase name="playback_resume" time="0.0" classname="main.java.test.smpMainTest.SMPAndroidOnDemandAudioPlayback">
    <skipped/>
  </testcase> <!-- playback_resume -->
</testsuite> <!-- Pixcel -->
