<?xml version="1.0" encoding="UTF-8"?>
<!-- Generated by org.testng.reporters.JUnitXMLReporter -->
<testsuite hostname="mc-s104436.local" name="Test" tests="7" failures="1" timestamp="26 Jul 2017 14:39:13 GMT" time="19.755" errors="0">
  <testcase name="@AfterClass End" time="0.0" classname="main.java.test.smpMainTest.SMPAndroidLiveSimulcast">
    <failure type="java.lang.NullPointerException">
      <![CDATA[java.lang.NullPointerException
	at main.java.test.smpFunctions.CommonFunction.GenerateReport(CommonFunction.java:452)
	at main.java.test.smpMainTest.SMPAndroidLiveSimulcast.End(SMPAndroidLiveSimulcast.java:244)
... Removed 24 stack frames]]>
    </failure>
  </testcase> <!-- @AfterClass End -->
  <testcase name="OpenAvtest" time="5.807" classname="main.java.test.smpMainTest.SMPAndroidLiveSimulcast">
    <failure type="org.openqa.selenium.NoSuchElementException" message="Can&amp;apos;t locate an element by this strategy: Locator map: 
- native content: &amp;quot;By.xpath: //android.widget.TextView[@text=&amp;apos;Enable Live Rewind&amp;apos;]&amp;quot; 
- html content: &amp;quot;by id or name &amp;quot;liverewind_button&amp;quot;&amp;quot;
For documentation on this error, please visit: http://seleniumhq.org/exceptions/no_such_element.html
Build info: version: &amp;apos;2.51.0&amp;apos;, revision: &amp;apos;1af067d&amp;apos;, time: &amp;apos;2016-02-05 19:15:17&amp;apos;
System info: host: &amp;apos;mc-s104436.local&amp;apos;, ip: &amp;apos;10.10.4.76&amp;apos;, os.name: &amp;apos;Mac OS X&amp;apos;, os.arch: &amp;apos;x86_64&amp;apos;, os.version: &amp;apos;10.11.6&amp;apos;, java.version: &amp;apos;1.8.0_102&amp;apos;
Driver info: driver.version: unknown">
      <![CDATA[org.openqa.selenium.NoSuchElementException: Can't locate an element by this strategy: Locator map: 
- native content: "By.xpath: //android.widget.TextView[@text='Enable Live Rewind']" 
- html content: "by id or name "liverewind_button""
For documentation on this error, please visit: http://seleniumhq.org/exceptions/no_such_element.html
Build info: version: '2.51.0', revision: '1af067d', time: '2016-02-05 19:15:17'
System info: host: 'mc-s104436.local', ip: '10.10.4.76', os.name: 'Mac OS X', os.arch: 'x86_64', os.version: '10.11.6', java.version: '1.8.0_102'
Driver info: driver.version: unknown
	at io.appium.java_client.pagefactory.AppiumElementLocator.findElement(AppiumElementLocator.java:110)
	at io.appium.java_client.pagefactory.interceptors.InterceptorOfASingleElement.intercept(InterceptorOfASingleElement.java:57)
	at io.appium.java_client.android.AndroidElement$$EnhancerByCGLIB$$29ddd03c.click(<generated>)
	at main.java.test.smpMainTest.SMPAndroidLiveSimulcast.OpenAvtest(SMPAndroidLiveSimulcast.java:116)
... Removed 24 stack frames]]>
    </failure>
  </testcase> <!-- OpenAvtest -->
  <testcase name="enableRDot" time="0.0" classname="main.java.test.smpMainTest.SMPAndroidLiveSimulcast">
    <skipped/>
  </testcase> <!-- enableRDot -->
  <testcase name="PlaybackStart" time="0.0" classname="main.java.test.smpMainTest.SMPAndroidLiveSimulcast">
    <skipped/>
  </testcase> <!-- PlaybackStart -->
  <testcase name="PlaybackContinues" time="0.0" classname="main.java.test.smpMainTest.SMPAndroidLiveSimulcast">
    <skipped/>
  </testcase> <!-- PlaybackContinues -->
  <testcase name="liveSimulcast_Assertions_Present" time="0.0" classname="main.java.test.smpMainTest.SMPAndroidLiveSimulcast">
    <skipped/>
  </testcase> <!-- liveSimulcast_Assertions_Present -->
  <testcase name="liveSimulcast_Assertions_NotPresent" time="0.0" classname="main.java.test.smpMainTest.SMPAndroidLiveSimulcast">
    <skipped/>
  </testcase> <!-- liveSimulcast_Assertions_NotPresent -->
  <testcase name="LiveplaybackStop" time="0.0" classname="main.java.test.smpMainTest.SMPAndroidLiveSimulcast">
    <skipped/>
  </testcase> <!-- LiveplaybackStop -->
</testsuite> <!-- Test -->
