<?xml version="1.0" encoding="UTF-8"?>
<!-- Generated by org.testng.reporters.JUnitXMLReporter -->
<testsuite hostname="mc-s104436.local" name="Test" tests="10" failures="1" timestamp="7 Jul 2017 14:19:41 GMT" time="158.982" errors="0">
  <testcase name="Open_DRMApp" time="18.966" classname="main.java.test.DRMMainTests.AndroidDRMTest"/>
  <testcase name="deleteQueued" time="63.016" classname="main.java.test.DRMMainTests.AndroidDRMTest"/>
  <testcase name="Vpid_Download" time="20.483" classname="main.java.test.DRMMainTests.AndroidDRMTest"/>
  <testcase name="Addingto_Queue" time="18.11" classname="main.java.test.DRMMainTests.AndroidDRMTest"/>
  <testcase name="Download_Pause" time="9.45" classname="main.java.test.DRMMainTests.AndroidDRMTest">
    <failure type="org.openqa.selenium.NoSuchElementException" message="Can&amp;apos;t locate an element by this strategy: Locator map: 
- native content: &amp;quot;By.xpath: //android.widget.TextView[@text=&amp;apos;Paused&amp;apos;]&amp;quot; 
- html content: &amp;quot;by id or name &amp;quot;download_paused&amp;quot;&amp;quot;
For documentation on this error, please visit: http://seleniumhq.org/exceptions/no_such_element.html
Build info: version: &amp;apos;2.51.0&amp;apos;, revision: &amp;apos;1af067d&amp;apos;, time: &amp;apos;2016-02-05 19:15:17&amp;apos;
System info: host: &amp;apos;mc-s104436.local&amp;apos;, ip: &amp;apos;10.10.3.204&amp;apos;, os.name: &amp;apos;Mac OS X&amp;apos;, os.arch: &amp;apos;x86_64&amp;apos;, os.version: &amp;apos;10.11.6&amp;apos;, java.version: &amp;apos;1.8.0_102&amp;apos;
Driver info: driver.version: unknown">
      <![CDATA[org.openqa.selenium.NoSuchElementException: Can't locate an element by this strategy: Locator map: 
- native content: "By.xpath: //android.widget.TextView[@text='Paused']" 
- html content: "by id or name "download_paused""
For documentation on this error, please visit: http://seleniumhq.org/exceptions/no_such_element.html
Build info: version: '2.51.0', revision: '1af067d', time: '2016-02-05 19:15:17'
System info: host: 'mc-s104436.local', ip: '10.10.3.204', os.name: 'Mac OS X', os.arch: 'x86_64', os.version: '10.11.6', java.version: '1.8.0_102'
Driver info: driver.version: unknown
	at io.appium.java_client.pagefactory.AppiumElementLocator.findElement(AppiumElementLocator.java:110)
	at io.appium.java_client.pagefactory.interceptors.InterceptorOfASingleElement.intercept(InterceptorOfASingleElement.java:57)
	at io.appium.java_client.android.AndroidElement$$EnhancerByCGLIB$$1cfb2d03.getText(<generated>)
	at main.java.test.DRMMainTests.AndroidDRMTest.Download_Pause(AndroidDRMTest.java:334)
... Removed 24 stack frames]]>
    </failure>
  </testcase> <!-- Download_Pause -->
  <testcase name="Download_Resume" time="0.0" classname="main.java.test.DRMMainTests.AndroidDRMTest">
    <skipped/>
  </testcase> <!-- Download_Resume -->
  <testcase name="Downloads_Complete" time="0.0" classname="main.java.test.DRMMainTests.AndroidDRMTest">
    <skipped/>
  </testcase> <!-- Downloads_Complete -->
  <testcase name="Downloaded_VideoPlayback_Offline" time="0.001" classname="main.java.test.DRMMainTests.AndroidDRMTest">
    <skipped/>
  </testcase> <!-- Downloaded_VideoPlayback_Offline -->
  <testcase name="Downloaded_AudioPlayback_Offline" time="0.0" classname="main.java.test.DRMMainTests.AndroidDRMTest">
    <skipped/>
  </testcase> <!-- Downloaded_AudioPlayback_Offline -->
  <testcase name="delete_Downloaded" time="0.0" classname="main.java.test.DRMMainTests.AndroidDRMTest">
    <skipped/>
  </testcase> <!-- delete_Downloaded -->
</testsuite> <!-- Test -->
