<?xml version="1.0" encoding="UTF-8"?>
<!-- Generated by org.testng.reporters.JUnitXMLReporter -->
<testsuite hostname="mc-s104436.local" name="Test" tests="10" failures="1" timestamp="4 Aug 2017 15:43:18 GMT" time="4.007" errors="0">
  <testcase name="getDeviceDetails" time="0.0" classname="SMPANPUMA.PUMATest.Android_PumaTests"/>
  <testcase name="setUp" time="3.904" classname="SMPANPUMA.PUMATest.Android_PumaTests">
    <failure type="org.openqa.selenium.SessionNotCreatedException" message="A new session could not be created. Details: The desiredCapabilities object was not valid for the following reason(s):  deviceName can&amp;apos;t be blank, (WARNING: The server did not provide any stacktrace information)
Command duration or timeout: 211 milliseconds
Build info: version: &amp;apos;2.51.0&amp;apos;, revision: &amp;apos;1af067d&amp;apos;, time: &amp;apos;2016-02-05 19:15:17&amp;apos;
System info: host: &amp;apos;mc-s104436.local&amp;apos;, ip: &amp;apos;10.10.4.76&amp;apos;, os.name: &amp;apos;Mac OS X&amp;apos;, os.arch: &amp;apos;x86_64&amp;apos;, os.version: &amp;apos;10.11.6&amp;apos;, java.version: &amp;apos;1.8.0_102&amp;apos;
Driver info: io.appium.java_client.android.AndroidDriver">
      <![CDATA[org.openqa.selenium.SessionNotCreatedException: A new session could not be created. Details: The desiredCapabilities object was not valid for the following reason(s):  deviceName can't be blank, (WARNING: The server did not provide any stacktrace information)
Command duration or timeout: 211 milliseconds
Build info: version: '2.51.0', revision: '1af067d', time: '2016-02-05 19:15:17'
System info: host: 'mc-s104436.local', ip: '10.10.4.76', os.name: 'Mac OS X', os.arch: 'x86_64', os.version: '10.11.6', java.version: '1.8.0_102'
Driver info: io.appium.java_client.android.AndroidDriver
	at org.openqa.selenium.remote.ErrorHandler.createThrowable(ErrorHandler.java:206)
	at org.openqa.selenium.remote.ErrorHandler.throwIfResponseFailed(ErrorHandler.java:158)
	at org.openqa.selenium.remote.RemoteWebDriver.execute(RemoteWebDriver.java:678)
	at io.appium.java_client.DefaultGenericMobileDriver.execute(DefaultGenericMobileDriver.java:40)
	at io.appium.java_client.AppiumDriver.execute(AppiumDriver.java:1)
	at io.appium.java_client.android.AndroidDriver.execute(AndroidDriver.java:1)
	at org.openqa.selenium.remote.RemoteWebDriver.startSession(RemoteWebDriver.java:249)
	at org.openqa.selenium.remote.RemoteWebDriver.<init>(RemoteWebDriver.java:131)
	at org.openqa.selenium.remote.RemoteWebDriver.<init>(RemoteWebDriver.java:144)
	at io.appium.java_client.DefaultGenericMobileDriver.<init>(DefaultGenericMobileDriver.java:36)
	at io.appium.java_client.AppiumDriver.<init>(AppiumDriver.java:114)
	at io.appium.java_client.AppiumDriver.<init>(AppiumDriver.java:132)
	at io.appium.java_client.android.AndroidDriver.<init>(AndroidDriver.java:92)
	at SMPANPUMA.PUMATest.Android_PumaTests.setUp(Android_PumaTests.java:135)
... Removed 27 stack frames]]>
    </failure>
  </testcase> <!-- setUp -->
  <testcase name="OpenAvtest" time="0.0" classname="SMPANPUMA.PUMATest.Android_PumaTests">
    <skipped/>
  </testcase> <!-- OpenAvtest -->
  <testcase name="Play_VideoOnDemand" time="0.0" classname="SMPANPUMA.PUMATest.Android_PumaTests">
    <skipped/>
  </testcase> <!-- Play_VideoOnDemand -->
  <testcase name="TurningSubtilte_ON" time="0.0" classname="SMPANPUMA.PUMATest.Android_PumaTests">
    <skipped/>
  </testcase> <!-- TurningSubtilte_ON -->
  <testcase name="CheckingPlayback_VOD" time="0.0" classname="SMPANPUMA.PUMATest.Android_PumaTests">
    <skipped/>
  </testcase> <!-- CheckingPlayback_VOD -->
  <testcase name="Pause_VideoOnDemand" time="0.0" classname="SMPANPUMA.PUMATest.Android_PumaTests">
    <skipped/>
  </testcase> <!-- Pause_VideoOnDemand -->
  <testcase name="Play_AudioOnDemand" time="0.0" classname="SMPANPUMA.PUMATest.Android_PumaTests">
    <skipped/>
  </testcase> <!-- Play_AudioOnDemand -->
  <testcase name="CheckingPlayback_AOD" time="0.0" classname="SMPANPUMA.PUMATest.Android_PumaTests">
    <skipped/>
  </testcase> <!-- CheckingPlayback_AOD -->
  <testcase name="Pause_AudiooOnDemand" time="0.0" classname="SMPANPUMA.PUMATest.Android_PumaTests">
    <skipped/>
  </testcase> <!-- Pause_AudiooOnDemand -->
</testsuite> <!-- Test -->
