<?xml version="1.0" encoding="UTF-8"?>
<!-- Generated by org.testng.reporters.JUnitXMLReporter -->
<testsuite hostname="mc-s104436.local" name="Default test" tests="10" failures="0" timestamp="8 Aug 2017 11:22:50 GMT" time="381.287" errors="0">
  <testcase name="getDeviceDetails" time="0.006" classname="SMPANPUMA.PUMATest.Android_PumaTests"/>
  <testcase name="setUp" time="14.203" classname="SMPANPUMA.PUMATest.Android_PumaTests"/>
  <testcase name="OpenAvtest" time="0.842" classname="SMPANPUMA.PUMATest.Android_PumaTests"/>
  <testcase name="Play_VideoOnDemand" time="163.8" classname="SMPANPUMA.PUMATest.Android_PumaTests"/>
  <testcase name="TurningSubtilte_ON" time="0.348" classname="SMPANPUMA.PUMATest.Android_PumaTests"/>
  <testcase name="CheckingPlayback_VOD" time="62.404" classname="SMPANPUMA.PUMATest.Android_PumaTests"/>
  <testcase name="Pause_VideoOnDemand" time="20.987" classname="SMPANPUMA.PUMATest.Android_PumaTests"/>
  <testcase name="Play_AudioOnDemand" time="48.433" classname="SMPANPUMA.PUMATest.Android_PumaTests"/>
  <testcase name="CheckingPlayback_AOD" time="48.975" classname="SMPANPUMA.PUMATest.Android_PumaTests"/>
  <testcase name="Pause_AudiooOnDemand" time="17.314" classname="SMPANPUMA.PUMATest.Android_PumaTests"/>
</testsuite> <!-- Default test -->
