<?xml version="1.0" encoding="UTF-8"?>
<!-- Generated by org.testng.reporters.JUnitXMLReporter -->
<testsuite hostname="mc-s104436.local" name="Default test" tests="10" failures="0" timestamp="1 Aug 2017 09:56:38 GMT" time="328.352" errors="0">
  <testcase name="getAllDetails" time="0.007" classname="SMPANPUMA.PUMATest.Android_PumaTests"/>
  <testcase name="setUp" time="21.603" classname="SMPANPUMA.PUMATest.Android_PumaTests"/>
  <testcase name="OpenAvtest" time="7.741" classname="SMPANPUMA.PUMATest.Android_PumaTests"/>
  <testcase name="Play_LiveRewindTest" time="15.063" classname="SMPANPUMA.PUMATest.Android_PumaTests"/>
  <testcase name="CheckingPlayback_LiveRewind" time="102.659" classname="SMPANPUMA.PUMATest.Android_PumaTests"/>
  <testcase name="PlaybackRotation" time="17.603" classname="SMPANPUMA.PUMATest.Android_PumaTests"/>
  <testcase name="Pause_LiveRewindTest" time="17.83" classname="SMPANPUMA.PUMATest.Android_PumaTests"/>
  <testcase name="Play_VideoOnDemand" time="70.3" classname="SMPANPUMA.PUMATest.Android_PumaTests"/>
  <testcase name="CheckingPlayback_VOD" time="53.932" classname="SMPANPUMA.PUMATest.Android_PumaTests"/>
  <testcase name="Pause_VideoOnDemand" time="17.829" classname="SMPANPUMA.PUMATest.Android_PumaTests"/>
</testsuite> <!-- Default test -->
