<?xml version="1.0" encoding="UTF-8"?>
<!-- Generated by org.testng.reporters.JUnitXMLReporter -->
<testsuite hostname="mc-s104436.local" name="Default test" tests="10" failures="1" timestamp="9 Aug 2017 11:10:49 GMT" time="0.041" errors="0">
  <testcase name="getDeviceDetails" time="0.006" classname="SMPANPUMA.PUMATest.Android_PumaTests"/>
  <testcase name="setUp" time="0.002" classname="SMPANPUMA.PUMATest.Android_PumaTests">
    <failure type="java.lang.NumberFormatException" message="null">
      <![CDATA[java.lang.NumberFormatException: null
	at java.lang.Integer.parseInt(Integer.java:542)
	at java.lang.Integer.parseInt(Integer.java:615)
	at SMPANPUMA.PUMATest.Android_PumaTests.setUp(Android_PumaTests.java:157)
	at sun.reflect.NativeMethodAccessorImpl.invoke0(Native Method)
	at sun.reflect.NativeMethodAccessorImpl.invoke(NativeMethodAccessorImpl.java:62)
	at sun.reflect.DelegatingMethodAccessorImpl.invoke(DelegatingMethodAccessorImpl.java:43)
	at java.lang.reflect.Method.invoke(Method.java:498)
	at org.testng.internal.MethodInvocationHelper.invokeMethod(MethodInvocationHelper.java:85)
	at org.testng.internal.Invoker.invokeMethod(Invoker.java:639)
	at org.testng.internal.Invoker.invokeTestMethod(Invoker.java:816)
	at org.testng.internal.Invoker.invokeTestMethods(Invoker.java:1124)
	at org.testng.internal.TestMethodWorker.invokeTestMethods(TestMethodWorker.java:125)
	at org.testng.internal.TestMethodWorker.run(TestMethodWorker.java:108)
	at org.testng.TestRunner.privateRun(TestRunner.java:774)
	at org.testng.TestRunner.run(TestRunner.java:624)
	at org.testng.SuiteRunner.runTest(SuiteRunner.java:359)
	at org.testng.SuiteRunner.runSequentially(SuiteRunner.java:354)
	at org.testng.SuiteRunner.privateRun(SuiteRunner.java:312)
	at org.testng.SuiteRunner.run(SuiteRunner.java:261)
	at org.testng.SuiteRunnerWorker.runSuite(SuiteRunnerWorker.java:52)
	at org.testng.SuiteRunnerWorker.run(SuiteRunnerWorker.java:86)
	at org.testng.TestNG.runSuitesSequentially(TestNG.java:1215)
	at org.testng.TestNG.runSuitesLocally(TestNG.java:1140)
	at org.testng.TestNG.run(TestNG.java:1048)
	at org.testng.remote.AbstractRemoteTestNG.run(AbstractRemoteTestNG.java:132)
	at org.testng.remote.RemoteTestNG.initAndRun(RemoteTestNG.java:236)
	at org.testng.remote.RemoteTestNG.main(RemoteTestNG.java:81)
]]>
    </failure>
  </testcase> <!-- setUp -->
  <testcase name="OpenAvtest" time="0.0" classname="SMPANPUMA.PUMATest.Android_PumaTests">
    <skipped/>
  </testcase> <!-- OpenAvtest -->
  <testcase name="Play_VideoOnDemand" time="0.0" classname="SMPANPUMA.PUMATest.Android_PumaTests">
    <skipped/>
  </testcase> <!-- Play_VideoOnDemand -->
  <testcase name="TurningSubtilte_ON" time="0.0" classname="SMPANPUMA.PUMATest.Android_PumaTests">
    <skipped/>
  </testcase> <!-- TurningSubtilte_ON -->
  <testcase name="CheckingPlayback_VOD" time="0.0" classname="SMPANPUMA.PUMATest.Android_PumaTests">
    <skipped/>
  </testcase> <!-- CheckingPlayback_VOD -->
  <testcase name="Pause_VideoOnDemand" time="0.0" classname="SMPANPUMA.PUMATest.Android_PumaTests">
    <skipped/>
  </testcase> <!-- Pause_VideoOnDemand -->
  <testcase name="Play_AudioOnDemand" time="0.0" classname="SMPANPUMA.PUMATest.Android_PumaTests">
    <skipped/>
  </testcase> <!-- Play_AudioOnDemand -->
  <testcase name="CheckingPlayback_AOD" time="0.0" classname="SMPANPUMA.PUMATest.Android_PumaTests">
    <skipped/>
  </testcase> <!-- CheckingPlayback_AOD -->
  <testcase name="Pause_AudiooOnDemand" time="0.0" classname="SMPANPUMA.PUMATest.Android_PumaTests">
    <skipped/>
  </testcase> <!-- Pause_AudiooOnDemand -->
</testsuite> <!-- Default test -->
