<?xml version="1.0" encoding="UTF-8"?>
<!-- Generated by org.testng.reporters.JUnitXMLReporter -->
<testsuite hostname="mc-s104436.local" name="Default test" tests="5" failures="0" timestamp="17 May 2017 11:28:26 GMT" time="0.021" errors="0">
  <testcase name="@BeforeClass setUp" time="0.0" classname="main.java.test.smpMainTest.SMPAndroidLiveSimulcast">
    <failure type="org.testng.TestNGException" message="
Parameter &amp;apos;deviceID&amp;apos; is required by @Configuration on method setUp but has not been marked @Optional or defined
in /private/var/folders/nd/v5m53p8918v0m9q7sryzqj00nqcphm/T/testng-eclipse--1962634294/testng-customsuite.xml">
      <![CDATA[org.testng.TestNGException: 
Parameter 'deviceID' is required by @Configuration on method setUp but has not been marked @Optional or defined
in /private/var/folders/nd/v5m53p8918v0m9q7sryzqj00nqcphm/T/testng-eclipse--1962634294/testng-customsuite.xml
	at org.testng.internal.Parameters.createParameters(Parameters.java:154)
	at org.testng.internal.Parameters.createParameters(Parameters.java:361)
	at org.testng.internal.Parameters.createConfigurationParameters(Parameters.java:84)
	at org.testng.internal.Invoker.invokeConfigurations(Invoker.java:197)
	at org.testng.internal.Invoker.invokeConfigurations(Invoker.java:138)
	at org.testng.internal.TestMethodWorker.invokeBeforeClassMethods(TestMethodWorker.java:170)
	at org.testng.internal.TestMethodWorker.run(TestMethodWorker.java:104)
	at org.testng.TestRunner.privateRun(TestRunner.java:774)
	at org.testng.TestRunner.run(TestRunner.java:624)
	at org.testng.SuiteRunner.runTest(SuiteRunner.java:359)
	at org.testng.SuiteRunner.runSequentially(SuiteRunner.java:354)
	at org.testng.SuiteRunner.privateRun(SuiteRunner.java:312)
	at org.testng.SuiteRunner.run(SuiteRunner.java:261)
	at org.testng.SuiteRunnerWorker.runSuite(SuiteRunnerWorker.java:52)
	at org.testng.SuiteRunnerWorker.run(SuiteRunnerWorker.java:86)
	at org.testng.TestNG.runSuitesSequentially(TestNG.java:1215)
	at org.testng.TestNG.runSuitesLocally(TestNG.java:1140)
	at org.testng.TestNG.run(TestNG.java:1048)
	at org.testng.remote.AbstractRemoteTestNG.run(AbstractRemoteTestNG.java:132)
	at org.testng.remote.RemoteTestNG.initAndRun(RemoteTestNG.java:236)
	at org.testng.remote.RemoteTestNG.main(RemoteTestNG.java:81)
]]>
    </failure>
  </testcase> <!-- @BeforeClass setUp -->
  <testcase name="@AfterClass End" time="0.0" classname="main.java.test.smpMainTest.SMPAndroidLiveSimulcast">
    <skipped/>
  </testcase> <!-- @AfterClass End -->
  <testcase name="OpenAvtest" time="0.0" classname="main.java.test.smpMainTest.SMPAndroidLiveSimulcast">
    <skipped/>
  </testcase> <!-- OpenAvtest -->
  <testcase name="PlaybackStart" time="0.0" classname="main.java.test.smpMainTest.SMPAndroidLiveSimulcast">
    <skipped/>
  </testcase> <!-- PlaybackStart -->
  <testcase name="PlaybackContinues" time="0.0" classname="main.java.test.smpMainTest.SMPAndroidLiveSimulcast">
    <skipped/>
  </testcase> <!-- PlaybackContinues -->
  <testcase name="liveRewind_Assertions" time="0.0" classname="main.java.test.smpMainTest.SMPAndroidLiveSimulcast">
    <skipped/>
  </testcase> <!-- liveRewind_Assertions -->
  <testcase name="LiveplaybackStop" time="0.0" classname="main.java.test.smpMainTest.SMPAndroidLiveSimulcast">
    <skipped/>
  </testcase> <!-- LiveplaybackStop -->
</testsuite> <!-- Default test -->
