<?xml version="1.0" encoding="UTF-8"?>
<!-- Generated by org.testng.reporters.JUnitXMLReporter -->
<testsuite hostname="mc-s104436.local" name="Default test" tests="10" failures="0" timestamp="3 Aug 2017 09:34:17 GMT" time="400.041" errors="0">
  <testcase name="getAllDetails" time="0.008" classname="SMPANPUMA.PUMATest.Android_PumaTests"/>
  <testcase name="setUp" time="16.275" classname="SMPANPUMA.PUMATest.Android_PumaTests"/>
  <testcase name="OpenAvtest" time="7.515" classname="SMPANPUMA.PUMATest.Android_PumaTests"/>
  <testcase name="Play_VideoOnDemand" time="165.66" classname="SMPANPUMA.PUMATest.Android_PumaTests"/>
  <testcase name="TurningSubtilte_ON" time="3.495" classname="SMPANPUMA.PUMATest.Android_PumaTests"/>
  <testcase name="CheckingPlayback_VOD" time="44.526" classname="SMPANPUMA.PUMATest.Android_PumaTests"/>
  <testcase name="Pause_VideoOnDemand" time="24.664" classname="SMPANPUMA.PUMATest.Android_PumaTests"/>
  <testcase name="Play_AudioOnDemand" time="55.42" classname="SMPANPUMA.PUMATest.Android_PumaTests"/>
  <testcase name="CheckingPlayback_AOD" time="54.038" classname="SMPANPUMA.PUMATest.Android_PumaTests"/>
  <testcase name="Pause_AudiooOnDemand" time="24.464" classname="SMPANPUMA.PUMATest.Android_PumaTests"/>
</testsuite> <!-- Default test -->
