<?xml version="1.0" encoding="UTF-8"?>
<!-- Generated by org.testng.reporters.JUnitXMLReporter -->
<testsuite hostname="mc-s104436.local" name="Default test" tests="8" failures="0" timestamp="21 Jun 2017 10:35:10 GMT" time="681.965" errors="0">
  <testcase name="openDRMApp" time="0.308" classname="main.java.test.DRMMainTests.iOSDRMTest"/>
  <testcase name="vpid_Download" time="56.871" classname="main.java.test.DRMMainTests.iOSDRMTest"/>
  <testcase name="Download_Pause" time="19.698" classname="main.java.test.DRMMainTests.iOSDRMTest"/>
  <testcase name="check_Vpid" time="4.63" classname="main.java.test.DRMMainTests.iOSDRMTest"/>
  <testcase name="DownloadProgress" time="2.636" classname="main.java.test.DRMMainTests.iOSDRMTest"/>
  <testcase name="downloads_VPIDS_Completed" time="199.754" classname="main.java.test.DRMMainTests.iOSDRMTest"/>
  <testcase name="Playback_offline" time="193.66" classname="main.java.test.DRMMainTests.iOSDRMTest"/>
  <testcase name="deleteAllQueued" time="178.585" classname="main.java.test.DRMMainTests.iOSDRMTest"/>
</testsuite> <!-- Default test -->
