<?xml version="1.0" encoding="UTF-8"?>
<testng-results skipped="8" failed="1" total="10" passed="1">
  <reporter-output>
  </reporter-output>
  <suite name="Default suite" duration-ms="41" started-at="2017-08-09T11:10:49Z" finished-at="2017-08-09T11:10:49Z">
    <groups>
    </groups>
    <test name="Default test" duration-ms="41" started-at="2017-08-09T11:10:49Z" finished-at="2017-08-09T11:10:49Z">
      <class name="SMPANPUMA.PUMATest.Android_PumaTests">
        <test-method status="PASS" signature="RunTest()[pri:0, instance:SMPANPUMA.PUMATest.Android_PumaTests@4973813a]" name="RunTest" is-config="true" duration-ms="7" started-at="2017-08-09T12:10:49Z" finished-at="2017-08-09T12:10:49Z">
          <reporter-output>
          </reporter-output>
        </test-method> <!-- RunTest -->
        <test-method status="PASS" signature="getDeviceDetails()[pri:0, instance:SMPANPUMA.PUMATest.Android_PumaTests@4973813a]" name="getDeviceDetails" duration-ms="6" started-at="2017-08-09T12:10:49Z" finished-at="2017-08-09T12:10:49Z">
          <reporter-output>
          </reporter-output>
        </test-method> <!-- getDeviceDetails -->
        <test-method status="FAIL" signature="setUp()[pri:0, instance:SMPANPUMA.PUMATest.Android_PumaTests@4973813a]" name="setUp" duration-ms="2" started-at="2017-08-09T12:10:49Z" depends-on-methods="SMPANPUMA.PUMATest.Android_PumaTests.getDeviceDetails" finished-at="2017-08-09T12:10:49Z">
          <exception class="java.lang.NumberFormatException">
            <message>
              <![CDATA[null]]>
            </message>
            <full-stacktrace>
              <![CDATA[java.lang.NumberFormatException: null
	at java.lang.Integer.parseInt(Integer.java:542)
	at java.lang.Integer.parseInt(Integer.java:615)
	at SMPANPUMA.PUMATest.Android_PumaTests.setUp(Android_PumaTests.java:157)
	at sun.reflect.NativeMethodAccessorImpl.invoke0(Native Method)
	at sun.reflect.NativeMethodAccessorImpl.invoke(NativeMethodAccessorImpl.java:62)
	at sun.reflect.DelegatingMethodAccessorImpl.invoke(DelegatingMethodAccessorImpl.java:43)
	at java.lang.reflect.Method.invoke(Method.java:498)
	at org.testng.internal.MethodInvocationHelper.invokeMethod(MethodInvocationHelper.java:85)
	at org.testng.internal.Invoker.invokeMethod(Invoker.java:639)
	at org.testng.internal.Invoker.invokeTestMethod(Invoker.java:816)
	at org.testng.internal.Invoker.invokeTestMethods(Invoker.java:1124)
	at org.testng.internal.TestMethodWorker.invokeTestMethods(TestMethodWorker.java:125)
	at org.testng.internal.TestMethodWorker.run(TestMethodWorker.java:108)
	at org.testng.TestRunner.privateRun(TestRunner.java:774)
	at org.testng.TestRunner.run(TestRunner.java:624)
	at org.testng.SuiteRunner.runTest(SuiteRunner.java:359)
	at org.testng.SuiteRunner.runSequentially(SuiteRunner.java:354)
	at org.testng.SuiteRunner.privateRun(SuiteRunner.java:312)
	at org.testng.SuiteRunner.run(SuiteRunner.java:261)
	at org.testng.SuiteRunnerWorker.runSuite(SuiteRunnerWorker.java:52)
	at org.testng.SuiteRunnerWorker.run(SuiteRunnerWorker.java:86)
	at org.testng.TestNG.runSuitesSequentially(TestNG.java:1215)
	at org.testng.TestNG.runSuitesLocally(TestNG.java:1140)
	at org.testng.TestNG.run(TestNG.java:1048)
	at org.testng.remote.AbstractRemoteTestNG.run(AbstractRemoteTestNG.java:132)
	at org.testng.remote.RemoteTestNG.initAndRun(RemoteTestNG.java:236)
	at org.testng.remote.RemoteTestNG.main(RemoteTestNG.java:81)
]]>
            </full-stacktrace>
          </exception> <!-- java.lang.NumberFormatException -->
          <reporter-output>
          </reporter-output>
        </test-method> <!-- setUp -->
        <test-method status="SKIP" signature="OpenAvtest()[pri:0, instance:SMPANPUMA.PUMATest.Android_PumaTests@4973813a]" name="OpenAvtest" duration-ms="0" started-at="2017-08-09T12:10:49Z" depends-on-methods="SMPANPUMA.PUMATest.Android_PumaTests.setUp" finished-at="2017-08-09T12:10:49Z">
          <exception class="java.lang.Throwable">
            <message>
              <![CDATA[Method Android_PumaTests.OpenAvtest()[pri:0, instance:SMPANPUMA.PUMATest.Android_PumaTests@4973813a] depends on not successfully finished methods]]>
            </message>
            <full-stacktrace>
              <![CDATA[java.lang.Throwable: Method Android_PumaTests.OpenAvtest()[pri:0, instance:SMPANPUMA.PUMATest.Android_PumaTests@4973813a] depends on not successfully finished methods
	at org.testng.internal.Invoker.invokeTestMethods(Invoker.java:1033)
	at org.testng.internal.TestMethodWorker.invokeTestMethods(TestMethodWorker.java:125)
	at org.testng.internal.TestMethodWorker.run(TestMethodWorker.java:108)
	at org.testng.TestRunner.privateRun(TestRunner.java:774)
	at org.testng.TestRunner.run(TestRunner.java:624)
	at org.testng.SuiteRunner.runTest(SuiteRunner.java:359)
	at org.testng.SuiteRunner.runSequentially(SuiteRunner.java:354)
	at org.testng.SuiteRunner.privateRun(SuiteRunner.java:312)
	at org.testng.SuiteRunner.run(SuiteRunner.java:261)
	at org.testng.SuiteRunnerWorker.runSuite(SuiteRunnerWorker.java:52)
	at org.testng.SuiteRunnerWorker.run(SuiteRunnerWorker.java:86)
	at org.testng.TestNG.runSuitesSequentially(TestNG.java:1215)
	at org.testng.TestNG.runSuitesLocally(TestNG.java:1140)
	at org.testng.TestNG.run(TestNG.java:1048)
	at org.testng.remote.AbstractRemoteTestNG.run(AbstractRemoteTestNG.java:132)
	at org.testng.remote.RemoteTestNG.initAndRun(RemoteTestNG.java:236)
	at org.testng.remote.RemoteTestNG.main(RemoteTestNG.java:81)
]]>
            </full-stacktrace>
          </exception> <!-- java.lang.Throwable -->
          <reporter-output>
          </reporter-output>
        </test-method> <!-- OpenAvtest -->
        <test-method status="SKIP" signature="Play_VideoOnDemand()[pri:0, instance:SMPANPUMA.PUMATest.Android_PumaTests@4973813a]" name="Play_VideoOnDemand" duration-ms="0" started-at="2017-08-09T12:10:49Z" depends-on-methods="SMPANPUMA.PUMATest.Android_PumaTests.OpenAvtest" finished-at="2017-08-09T12:10:49Z">
          <exception class="java.lang.Throwable">
            <message>
              <![CDATA[Method Android_PumaTests.Play_VideoOnDemand()[pri:0, instance:SMPANPUMA.PUMATest.Android_PumaTests@4973813a] depends on not successfully finished methods]]>
            </message>
            <full-stacktrace>
              <![CDATA[java.lang.Throwable: Method Android_PumaTests.Play_VideoOnDemand()[pri:0, instance:SMPANPUMA.PUMATest.Android_PumaTests@4973813a] depends on not successfully finished methods
	at org.testng.internal.Invoker.invokeTestMethods(Invoker.java:1033)
	at org.testng.internal.TestMethodWorker.invokeTestMethods(TestMethodWorker.java:125)
	at org.testng.internal.TestMethodWorker.run(TestMethodWorker.java:108)
	at org.testng.TestRunner.privateRun(TestRunner.java:774)
	at org.testng.TestRunner.run(TestRunner.java:624)
	at org.testng.SuiteRunner.runTest(SuiteRunner.java:359)
	at org.testng.SuiteRunner.runSequentially(SuiteRunner.java:354)
	at org.testng.SuiteRunner.privateRun(SuiteRunner.java:312)
	at org.testng.SuiteRunner.run(SuiteRunner.java:261)
	at org.testng.SuiteRunnerWorker.runSuite(SuiteRunnerWorker.java:52)
	at org.testng.SuiteRunnerWorker.run(SuiteRunnerWorker.java:86)
	at org.testng.TestNG.runSuitesSequentially(TestNG.java:1215)
	at org.testng.TestNG.runSuitesLocally(TestNG.java:1140)
	at org.testng.TestNG.run(TestNG.java:1048)
	at org.testng.remote.AbstractRemoteTestNG.run(AbstractRemoteTestNG.java:132)
	at org.testng.remote.RemoteTestNG.initAndRun(RemoteTestNG.java:236)
	at org.testng.remote.RemoteTestNG.main(RemoteTestNG.java:81)
]]>
            </full-stacktrace>
          </exception> <!-- java.lang.Throwable -->
          <reporter-output>
          </reporter-output>
        </test-method> <!-- Play_VideoOnDemand -->
        <test-method status="SKIP" signature="TurningSubtilte_ON()[pri:0, instance:SMPANPUMA.PUMATest.Android_PumaTests@4973813a]" name="TurningSubtilte_ON" duration-ms="0" started-at="2017-08-09T12:10:49Z" depends-on-methods="SMPANPUMA.PUMATest.Android_PumaTests.Play_VideoOnDemand" finished-at="2017-08-09T12:10:49Z">
          <exception class="java.lang.Throwable">
            <message>
              <![CDATA[Method Android_PumaTests.TurningSubtilte_ON()[pri:0, instance:SMPANPUMA.PUMATest.Android_PumaTests@4973813a] depends on not successfully finished methods]]>
            </message>
            <full-stacktrace>
              <![CDATA[java.lang.Throwable: Method Android_PumaTests.TurningSubtilte_ON()[pri:0, instance:SMPANPUMA.PUMATest.Android_PumaTests@4973813a] depends on not successfully finished methods
	at org.testng.internal.Invoker.invokeTestMethods(Invoker.java:1033)
	at org.testng.internal.TestMethodWorker.invokeTestMethods(TestMethodWorker.java:125)
	at org.testng.internal.TestMethodWorker.run(TestMethodWorker.java:108)
	at org.testng.TestRunner.privateRun(TestRunner.java:774)
	at org.testng.TestRunner.run(TestRunner.java:624)
	at org.testng.SuiteRunner.runTest(SuiteRunner.java:359)
	at org.testng.SuiteRunner.runSequentially(SuiteRunner.java:354)
	at org.testng.SuiteRunner.privateRun(SuiteRunner.java:312)
	at org.testng.SuiteRunner.run(SuiteRunner.java:261)
	at org.testng.SuiteRunnerWorker.runSuite(SuiteRunnerWorker.java:52)
	at org.testng.SuiteRunnerWorker.run(SuiteRunnerWorker.java:86)
	at org.testng.TestNG.runSuitesSequentially(TestNG.java:1215)
	at org.testng.TestNG.runSuitesLocally(TestNG.java:1140)
	at org.testng.TestNG.run(TestNG.java:1048)
	at org.testng.remote.AbstractRemoteTestNG.run(AbstractRemoteTestNG.java:132)
	at org.testng.remote.RemoteTestNG.initAndRun(RemoteTestNG.java:236)
	at org.testng.remote.RemoteTestNG.main(RemoteTestNG.java:81)
]]>
            </full-stacktrace>
          </exception> <!-- java.lang.Throwable -->
          <reporter-output>
          </reporter-output>
        </test-method> <!-- TurningSubtilte_ON -->
        <test-method status="SKIP" signature="CheckingPlayback_VOD()[pri:0, instance:SMPANPUMA.PUMATest.Android_PumaTests@4973813a]" name="CheckingPlayback_VOD" duration-ms="0" started-at="2017-08-09T12:10:49Z" depends-on-methods="SMPANPUMA.PUMATest.Android_PumaTests.TurningSubtilte_ON" finished-at="2017-08-09T12:10:49Z">
          <exception class="java.lang.Throwable">
            <message>
              <![CDATA[Method Android_PumaTests.CheckingPlayback_VOD()[pri:0, instance:SMPANPUMA.PUMATest.Android_PumaTests@4973813a] depends on not successfully finished methods]]>
            </message>
            <full-stacktrace>
              <![CDATA[java.lang.Throwable: Method Android_PumaTests.CheckingPlayback_VOD()[pri:0, instance:SMPANPUMA.PUMATest.Android_PumaTests@4973813a] depends on not successfully finished methods
	at org.testng.internal.Invoker.invokeTestMethods(Invoker.java:1033)
	at org.testng.internal.TestMethodWorker.invokeTestMethods(TestMethodWorker.java:125)
	at org.testng.internal.TestMethodWorker.run(TestMethodWorker.java:108)
	at org.testng.TestRunner.privateRun(TestRunner.java:774)
	at org.testng.TestRunner.run(TestRunner.java:624)
	at org.testng.SuiteRunner.runTest(SuiteRunner.java:359)
	at org.testng.SuiteRunner.runSequentially(SuiteRunner.java:354)
	at org.testng.SuiteRunner.privateRun(SuiteRunner.java:312)
	at org.testng.SuiteRunner.run(SuiteRunner.java:261)
	at org.testng.SuiteRunnerWorker.runSuite(SuiteRunnerWorker.java:52)
	at org.testng.SuiteRunnerWorker.run(SuiteRunnerWorker.java:86)
	at org.testng.TestNG.runSuitesSequentially(TestNG.java:1215)
	at org.testng.TestNG.runSuitesLocally(TestNG.java:1140)
	at org.testng.TestNG.run(TestNG.java:1048)
	at org.testng.remote.AbstractRemoteTestNG.run(AbstractRemoteTestNG.java:132)
	at org.testng.remote.RemoteTestNG.initAndRun(RemoteTestNG.java:236)
	at org.testng.remote.RemoteTestNG.main(RemoteTestNG.java:81)
]]>
            </full-stacktrace>
          </exception> <!-- java.lang.Throwable -->
          <reporter-output>
          </reporter-output>
        </test-method> <!-- CheckingPlayback_VOD -->
        <test-method status="SKIP" signature="Pause_VideoOnDemand()[pri:0, instance:SMPANPUMA.PUMATest.Android_PumaTests@4973813a]" name="Pause_VideoOnDemand" duration-ms="0" started-at="2017-08-09T12:10:49Z" depends-on-methods="SMPANPUMA.PUMATest.Android_PumaTests.CheckingPlayback_VOD" finished-at="2017-08-09T12:10:49Z">
          <exception class="java.lang.Throwable">
            <message>
              <![CDATA[Method Android_PumaTests.Pause_VideoOnDemand()[pri:0, instance:SMPANPUMA.PUMATest.Android_PumaTests@4973813a] depends on not successfully finished methods]]>
            </message>
            <full-stacktrace>
              <![CDATA[java.lang.Throwable: Method Android_PumaTests.Pause_VideoOnDemand()[pri:0, instance:SMPANPUMA.PUMATest.Android_PumaTests@4973813a] depends on not successfully finished methods
	at org.testng.internal.Invoker.invokeTestMethods(Invoker.java:1033)
	at org.testng.internal.TestMethodWorker.invokeTestMethods(TestMethodWorker.java:125)
	at org.testng.internal.TestMethodWorker.run(TestMethodWorker.java:108)
	at org.testng.TestRunner.privateRun(TestRunner.java:774)
	at org.testng.TestRunner.run(TestRunner.java:624)
	at org.testng.SuiteRunner.runTest(SuiteRunner.java:359)
	at org.testng.SuiteRunner.runSequentially(SuiteRunner.java:354)
	at org.testng.SuiteRunner.privateRun(SuiteRunner.java:312)
	at org.testng.SuiteRunner.run(SuiteRunner.java:261)
	at org.testng.SuiteRunnerWorker.runSuite(SuiteRunnerWorker.java:52)
	at org.testng.SuiteRunnerWorker.run(SuiteRunnerWorker.java:86)
	at org.testng.TestNG.runSuitesSequentially(TestNG.java:1215)
	at org.testng.TestNG.runSuitesLocally(TestNG.java:1140)
	at org.testng.TestNG.run(TestNG.java:1048)
	at org.testng.remote.AbstractRemoteTestNG.run(AbstractRemoteTestNG.java:132)
	at org.testng.remote.RemoteTestNG.initAndRun(RemoteTestNG.java:236)
	at org.testng.remote.RemoteTestNG.main(RemoteTestNG.java:81)
]]>
            </full-stacktrace>
          </exception> <!-- java.lang.Throwable -->
          <reporter-output>
          </reporter-output>
        </test-method> <!-- Pause_VideoOnDemand -->
        <test-method status="SKIP" signature="Play_AudioOnDemand()[pri:0, instance:SMPANPUMA.PUMATest.Android_PumaTests@4973813a]" name="Play_AudioOnDemand" duration-ms="0" started-at="2017-08-09T12:10:49Z" depends-on-methods="SMPANPUMA.PUMATest.Android_PumaTests.Pause_VideoOnDemand" finished-at="2017-08-09T12:10:49Z">
          <exception class="java.lang.Throwable">
            <message>
              <![CDATA[Method Android_PumaTests.Play_AudioOnDemand()[pri:0, instance:SMPANPUMA.PUMATest.Android_PumaTests@4973813a] depends on not successfully finished methods]]>
            </message>
            <full-stacktrace>
              <![CDATA[java.lang.Throwable: Method Android_PumaTests.Play_AudioOnDemand()[pri:0, instance:SMPANPUMA.PUMATest.Android_PumaTests@4973813a] depends on not successfully finished methods
	at org.testng.internal.Invoker.invokeTestMethods(Invoker.java:1033)
	at org.testng.internal.TestMethodWorker.invokeTestMethods(TestMethodWorker.java:125)
	at org.testng.internal.TestMethodWorker.run(TestMethodWorker.java:108)
	at org.testng.TestRunner.privateRun(TestRunner.java:774)
	at org.testng.TestRunner.run(TestRunner.java:624)
	at org.testng.SuiteRunner.runTest(SuiteRunner.java:359)
	at org.testng.SuiteRunner.runSequentially(SuiteRunner.java:354)
	at org.testng.SuiteRunner.privateRun(SuiteRunner.java:312)
	at org.testng.SuiteRunner.run(SuiteRunner.java:261)
	at org.testng.SuiteRunnerWorker.runSuite(SuiteRunnerWorker.java:52)
	at org.testng.SuiteRunnerWorker.run(SuiteRunnerWorker.java:86)
	at org.testng.TestNG.runSuitesSequentially(TestNG.java:1215)
	at org.testng.TestNG.runSuitesLocally(TestNG.java:1140)
	at org.testng.TestNG.run(TestNG.java:1048)
	at org.testng.remote.AbstractRemoteTestNG.run(AbstractRemoteTestNG.java:132)
	at org.testng.remote.RemoteTestNG.initAndRun(RemoteTestNG.java:236)
	at org.testng.remote.RemoteTestNG.main(RemoteTestNG.java:81)
]]>
            </full-stacktrace>
          </exception> <!-- java.lang.Throwable -->
          <reporter-output>
          </reporter-output>
        </test-method> <!-- Play_AudioOnDemand -->
        <test-method status="SKIP" signature="CheckingPlayback_AOD()[pri:0, instance:SMPANPUMA.PUMATest.Android_PumaTests@4973813a]" name="CheckingPlayback_AOD" duration-ms="0" started-at="2017-08-09T12:10:49Z" depends-on-methods="SMPANPUMA.PUMATest.Android_PumaTests.Play_AudioOnDemand" finished-at="2017-08-09T12:10:49Z">
          <exception class="java.lang.Throwable">
            <message>
              <![CDATA[Method Android_PumaTests.CheckingPlayback_AOD()[pri:0, instance:SMPANPUMA.PUMATest.Android_PumaTests@4973813a] depends on not successfully finished methods]]>
            </message>
            <full-stacktrace>
              <![CDATA[java.lang.Throwable: Method Android_PumaTests.CheckingPlayback_AOD()[pri:0, instance:SMPANPUMA.PUMATest.Android_PumaTests@4973813a] depends on not successfully finished methods
	at org.testng.internal.Invoker.invokeTestMethods(Invoker.java:1033)
	at org.testng.internal.TestMethodWorker.invokeTestMethods(TestMethodWorker.java:125)
	at org.testng.internal.TestMethodWorker.run(TestMethodWorker.java:108)
	at org.testng.TestRunner.privateRun(TestRunner.java:774)
	at org.testng.TestRunner.run(TestRunner.java:624)
	at org.testng.SuiteRunner.runTest(SuiteRunner.java:359)
	at org.testng.SuiteRunner.runSequentially(SuiteRunner.java:354)
	at org.testng.SuiteRunner.privateRun(SuiteRunner.java:312)
	at org.testng.SuiteRunner.run(SuiteRunner.java:261)
	at org.testng.SuiteRunnerWorker.runSuite(SuiteRunnerWorker.java:52)
	at org.testng.SuiteRunnerWorker.run(SuiteRunnerWorker.java:86)
	at org.testng.TestNG.runSuitesSequentially(TestNG.java:1215)
	at org.testng.TestNG.runSuitesLocally(TestNG.java:1140)
	at org.testng.TestNG.run(TestNG.java:1048)
	at org.testng.remote.AbstractRemoteTestNG.run(AbstractRemoteTestNG.java:132)
	at org.testng.remote.RemoteTestNG.initAndRun(RemoteTestNG.java:236)
	at org.testng.remote.RemoteTestNG.main(RemoteTestNG.java:81)
]]>
            </full-stacktrace>
          </exception> <!-- java.lang.Throwable -->
          <reporter-output>
          </reporter-output>
        </test-method> <!-- CheckingPlayback_AOD -->
        <test-method status="SKIP" signature="Pause_AudiooOnDemand()[pri:0, instance:SMPANPUMA.PUMATest.Android_PumaTests@4973813a]" name="Pause_AudiooOnDemand" duration-ms="0" started-at="2017-08-09T12:10:49Z" depends-on-methods="SMPANPUMA.PUMATest.Android_PumaTests.CheckingPlayback_AOD" finished-at="2017-08-09T12:10:49Z">
          <exception class="java.lang.Throwable">
            <message>
              <![CDATA[Method Android_PumaTests.Pause_AudiooOnDemand()[pri:0, instance:SMPANPUMA.PUMATest.Android_PumaTests@4973813a] depends on not successfully finished methods]]>
            </message>
            <full-stacktrace>
              <![CDATA[java.lang.Throwable: Method Android_PumaTests.Pause_AudiooOnDemand()[pri:0, instance:SMPANPUMA.PUMATest.Android_PumaTests@4973813a] depends on not successfully finished methods
	at org.testng.internal.Invoker.invokeTestMethods(Invoker.java:1033)
	at org.testng.internal.TestMethodWorker.invokeTestMethods(TestMethodWorker.java:125)
	at org.testng.internal.TestMethodWorker.run(TestMethodWorker.java:108)
	at org.testng.TestRunner.privateRun(TestRunner.java:774)
	at org.testng.TestRunner.run(TestRunner.java:624)
	at org.testng.SuiteRunner.runTest(SuiteRunner.java:359)
	at org.testng.SuiteRunner.runSequentially(SuiteRunner.java:354)
	at org.testng.SuiteRunner.privateRun(SuiteRunner.java:312)
	at org.testng.SuiteRunner.run(SuiteRunner.java:261)
	at org.testng.SuiteRunnerWorker.runSuite(SuiteRunnerWorker.java:52)
	at org.testng.SuiteRunnerWorker.run(SuiteRunnerWorker.java:86)
	at org.testng.TestNG.runSuitesSequentially(TestNG.java:1215)
	at org.testng.TestNG.runSuitesLocally(TestNG.java:1140)
	at org.testng.TestNG.run(TestNG.java:1048)
	at org.testng.remote.AbstractRemoteTestNG.run(AbstractRemoteTestNG.java:132)
	at org.testng.remote.RemoteTestNG.initAndRun(RemoteTestNG.java:236)
	at org.testng.remote.RemoteTestNG.main(RemoteTestNG.java:81)
]]>
            </full-stacktrace>
          </exception> <!-- java.lang.Throwable -->
          <reporter-output>
          </reporter-output>
        </test-method> <!-- Pause_AudiooOnDemand -->
        <test-method status="PASS" signature="End()[pri:0, instance:SMPANPUMA.PUMATest.Android_PumaTests@4973813a]" name="End" is-config="true" duration-ms="3" started-at="2017-08-09T12:10:49Z" finished-at="2017-08-09T12:10:49Z">
          <reporter-output>
          </reporter-output>
        </test-method> <!-- End -->
      </class> <!-- SMPANPUMA.PUMATest.Android_PumaTests -->
    </test> <!-- Default test -->
  </suite> <!-- Default suite -->
</testng-results>
