<?xml version="1.0" encoding="UTF-8"?>
<testng-results skipped="0" failed="0" total="10" passed="10">
  <reporter-output>
  </reporter-output>
  <suite name="Suite" duration-ms="391227" started-at="2017-08-09T15:01:47Z" finished-at="2017-08-09T15:08:18Z">
    <groups>
    </groups>
    <test name="Test" duration-ms="391227" started-at="2017-08-09T15:01:47Z" finished-at="2017-08-09T15:08:18Z">
      <class name="SMPANPUMA.PUMATest.Android_PumaTests">
        <test-method status="PASS" signature="RunTest()[pri:0, instance:SMPANPUMA.PUMATest.Android_PumaTests@5ebec15]" name="RunTest" is-config="true" duration-ms="6" started-at="2017-08-09T16:01:47Z" finished-at="2017-08-09T16:01:47Z">
          <reporter-output>
          </reporter-output>
        </test-method> <!-- RunTest -->
        <test-method status="PASS" signature="getDeviceDetails()[pri:0, instance:SMPANPUMA.PUMATest.Android_PumaTests@5ebec15]" name="getDeviceDetails" duration-ms="0" started-at="2017-08-09T16:01:47Z" finished-at="2017-08-09T16:01:47Z">
          <reporter-output>
          </reporter-output>
        </test-method> <!-- getDeviceDetails -->
        <test-method status="PASS" signature="setUp()[pri:0, instance:SMPANPUMA.PUMATest.Android_PumaTests@5ebec15]" name="setUp" duration-ms="14770" started-at="2017-08-09T16:01:47Z" depends-on-methods="SMPANPUMA.PUMATest.Android_PumaTests.getDeviceDetails" finished-at="2017-08-09T16:02:01Z">
          <reporter-output>
          </reporter-output>
        </test-method> <!-- setUp -->
        <test-method status="PASS" signature="OpenAvtest()[pri:0, instance:SMPANPUMA.PUMATest.Android_PumaTests@5ebec15]" name="OpenAvtest" duration-ms="340" started-at="2017-08-09T16:02:01Z" depends-on-methods="SMPANPUMA.PUMATest.Android_PumaTests.setUp" finished-at="2017-08-09T16:02:02Z">
          <reporter-output>
          </reporter-output>
        </test-method> <!-- OpenAvtest -->
        <test-method status="PASS" signature="Play_VideoOnDemand()[pri:0, instance:SMPANPUMA.PUMATest.Android_PumaTests@5ebec15]" name="Play_VideoOnDemand" duration-ms="162228" started-at="2017-08-09T16:02:02Z" depends-on-methods="SMPANPUMA.PUMATest.Android_PumaTests.OpenAvtest" finished-at="2017-08-09T16:04:44Z">
          <reporter-output>
          </reporter-output>
        </test-method> <!-- Play_VideoOnDemand -->
        <test-method status="PASS" signature="TurningSubtilte_ON()[pri:0, instance:SMPANPUMA.PUMATest.Android_PumaTests@5ebec15]" name="TurningSubtilte_ON" duration-ms="1466" started-at="2017-08-09T16:04:44Z" depends-on-methods="SMPANPUMA.PUMATest.Android_PumaTests.Play_VideoOnDemand" finished-at="2017-08-09T16:04:45Z">
          <reporter-output>
          </reporter-output>
        </test-method> <!-- TurningSubtilte_ON -->
        <test-method status="PASS" signature="CheckingPlayback_VOD()[pri:0, instance:SMPANPUMA.PUMATest.Android_PumaTests@5ebec15]" name="CheckingPlayback_VOD" duration-ms="62549" started-at="2017-08-09T16:04:45Z" depends-on-methods="SMPANPUMA.PUMATest.Android_PumaTests.TurningSubtilte_ON" finished-at="2017-08-09T16:05:48Z">
          <reporter-output>
          </reporter-output>
        </test-method> <!-- CheckingPlayback_VOD -->
        <test-method status="PASS" signature="Pause_VideoOnDemand()[pri:0, instance:SMPANPUMA.PUMATest.Android_PumaTests@5ebec15]" name="Pause_VideoOnDemand" duration-ms="21967" started-at="2017-08-09T16:05:48Z" depends-on-methods="SMPANPUMA.PUMATest.Android_PumaTests.CheckingPlayback_VOD" finished-at="2017-08-09T16:06:10Z">
          <reporter-output>
          </reporter-output>
        </test-method> <!-- Pause_VideoOnDemand -->
        <test-method status="PASS" signature="Play_AudioOnDemand()[pri:0, instance:SMPANPUMA.PUMATest.Android_PumaTests@5ebec15]" name="Play_AudioOnDemand" duration-ms="52882" started-at="2017-08-09T16:06:10Z" depends-on-methods="SMPANPUMA.PUMATest.Android_PumaTests.Pause_VideoOnDemand" finished-at="2017-08-09T16:07:03Z">
          <reporter-output>
          </reporter-output>
        </test-method> <!-- Play_AudioOnDemand -->
        <test-method status="PASS" signature="CheckingPlayback_AOD()[pri:0, instance:SMPANPUMA.PUMATest.Android_PumaTests@5ebec15]" name="CheckingPlayback_AOD" duration-ms="50015" started-at="2017-08-09T16:07:03Z" depends-on-methods="SMPANPUMA.PUMATest.Android_PumaTests.Play_AudioOnDemand" finished-at="2017-08-09T16:07:53Z">
          <reporter-output>
          </reporter-output>
        </test-method> <!-- CheckingPlayback_AOD -->
        <test-method status="PASS" signature="Pause_AudiooOnDemand()[pri:0, instance:SMPANPUMA.PUMATest.Android_PumaTests@5ebec15]" name="Pause_AudiooOnDemand" duration-ms="21427" started-at="2017-08-09T16:07:53Z" depends-on-methods="SMPANPUMA.PUMATest.Android_PumaTests.CheckingPlayback_AOD" finished-at="2017-08-09T16:08:14Z">
          <reporter-output>
          </reporter-output>
        </test-method> <!-- Pause_AudiooOnDemand -->
        <test-method status="PASS" signature="End()[pri:0, instance:SMPANPUMA.PUMATest.Android_PumaTests@5ebec15]" name="End" is-config="true" duration-ms="3568" started-at="2017-08-09T16:08:14Z" finished-at="2017-08-09T16:08:18Z">
          <reporter-output>
          </reporter-output>
        </test-method> <!-- End -->
      </class> <!-- SMPANPUMA.PUMATest.Android_PumaTests -->
    </test> <!-- Test -->
  </suite> <!-- Suite -->
</testng-results>
