<?xml version="1.0" encoding="UTF-8"?>
<!-- Generated by org.testng.reporters.JUnitXMLReporter -->
<testsuite hostname="mc-s104436.local" name="Test" tests="10" failures="0" timestamp="9 Aug 2017 10:14:42 GMT" time="387.172" errors="0">
  <testcase name="getDeviceDetails" time="0.0" classname="SMPANPUMA.PUMATest.Android_PumaTests"/>
  <testcase name="setUp" time="13.826" classname="SMPANPUMA.PUMATest.Android_PumaTests"/>
  <testcase name="OpenAvtest" time="0.646" classname="SMPANPUMA.PUMATest.Android_PumaTests"/>
  <testcase name="Play_VideoOnDemand" time="163.547" classname="SMPANPUMA.PUMATest.Android_PumaTests"/>
  <testcase name="TurningSubtilte_ON" time="0.503" classname="SMPANPUMA.PUMATest.Android_PumaTests"/>
  <testcase name="CheckingPlayback_VOD" time="60.371" classname="SMPANPUMA.PUMATest.Android_PumaTests"/>
  <testcase name="Pause_VideoOnDemand" time="21.082" classname="SMPANPUMA.PUMATest.Android_PumaTests"/>
  <testcase name="Play_AudioOnDemand" time="52.454" classname="SMPANPUMA.PUMATest.Android_PumaTests"/>
  <testcase name="CheckingPlayback_AOD" time="49.901" classname="SMPANPUMA.PUMATest.Android_PumaTests"/>
  <testcase name="Pause_AudiooOnDemand" time="21.203" classname="SMPANPUMA.PUMATest.Android_PumaTests"/>
</testsuite> <!-- Test -->
